<?xml version="1.0" encoding="UTF-8"?>
<!-- Generated by org.testng.reporters.JUnitXMLReporter -->
<testsuite ignored="1" hostname="L99841250" failures="0" tests="1" name="NegativePasswordTests" time="18.502" errors="0" timestamp="2022-09-01T17:55:23 AEST">
  <testcase classname="com.herokuapp.theinternet.LoginTests" name="negativeLoginTests" time="10.306"/>
  <testcase classname="com.herokuapp.theinternet.LoginTests" name="positiveLoginTests" time="0.0">
    <ignored/>
  </testcase> <!-- positiveLoginTests -->
</testsuite> <!-- NegativePasswordTests -->
