<?xml version="1.0" encoding="UTF-8"?>
<!-- Generated by org.testng.reporters.JUnitXMLReporter -->
<testsuite ignored="1" hostname="L99841250" failures="0" tests="1" name="PositiveTests" time="19.21" errors="0" timestamp="2022-09-01T17:54:46 AEST">
  <testcase classname="com.herokuapp.theinternet.LoginTests" name="positiveLoginTests" time="9.036"/>
  <testcase classname="com.herokuapp.theinternet.LoginTests" name="negativeLoginTests" time="0.0">
    <ignored/>
  </testcase> <!-- negativeLoginTests -->
</testsuite> <!-- PositiveTests -->
