<?xml version="1.0" encoding="UTF-8"?>
<!-- Generated by org.testng.reporters.JUnitXMLReporter -->
<testsuite ignored="4" hostname="L99841250" failures="0" tests="1" name="ExceptionsTests" time="9.544" errors="0" timestamp="2022-09-02T14:35:30 AEST">
  <testcase classname="com.herokuapp.theinternet.ExceptionsTests" name="challengeTest" time="4.571"/>
  <testcase classname="com.herokuapp.theinternet.ExceptionsTests" name="staleElementTest" time="0.0">
    <ignored/>
  </testcase> <!-- staleElementTest -->
  <testcase classname="com.herokuapp.theinternet.ExceptionsTests" name="timeoutExceptionTest" time="0.0">
    <ignored/>
  </testcase> <!-- timeoutExceptionTest -->
  <testcase classname="com.herokuapp.theinternet.ExceptionsTests" name="notVisibleTest" time="0.0">
    <ignored/>
  </testcase> <!-- notVisibleTest -->
  <testcase classname="com.herokuapp.theinternet.ExceptionsTests" name="noSuchElementTest" time="0.0">
    <ignored/>
  </testcase> <!-- noSuchElementTest -->
</testsuite> <!-- ExceptionsTests -->
